[2024-11-13T05:35:16.612+0000] {local_task_job_runner.py:123} INFO - ::group::Pre task execution logs
[2024-11-13T05:35:16.637+0000] {taskinstance.py:2613} INFO - Dependencies all met for dep_context=non-requeueable deps ti=<TaskInstance: spotify_token_dag.fetch_spotify_token scheduled__2024-11-13T02:00:00+00:00 [queued]>
[2024-11-13T05:35:16.649+0000] {taskinstance.py:2613} INFO - Dependencies all met for dep_context=requeueable deps ti=<TaskInstance: spotify_token_dag.fetch_spotify_token scheduled__2024-11-13T02:00:00+00:00 [queued]>
[2024-11-13T05:35:16.649+0000] {taskinstance.py:2866} INFO - Starting attempt 1 of 2
[2024-11-13T05:35:16.668+0000] {taskinstance.py:2889} INFO - Executing <Task(PythonOperator): fetch_spotify_token> on 2024-11-13 02:00:00+00:00
[2024-11-13T05:35:16.678+0000] {warnings.py:112} WARNING - /home/***/.local/lib/python3.12/site-packages/***/task/task_runner/standard_task_runner.py:70: DeprecationWarning: This process (pid=69) is multi-threaded, use of fork() may lead to deadlocks in the child.
  pid = os.fork()

[2024-11-13T05:35:16.680+0000] {standard_task_runner.py:72} INFO - Started process 75 to run task
[2024-11-13T05:35:16.681+0000] {standard_task_runner.py:104} INFO - Running: ['***', 'tasks', 'run', 'spotify_token_dag', 'fetch_spotify_token', 'scheduled__2024-11-13T02:00:00+00:00', '--job-id', '26', '--raw', '--subdir', 'DAGS_FOLDER/spotify.py', '--cfg-path', '/tmp/tmp15k9svd5']
[2024-11-13T05:35:16.683+0000] {standard_task_runner.py:105} INFO - Job 26: Subtask fetch_spotify_token
[2024-11-13T05:35:16.749+0000] {task_command.py:467} INFO - Running <TaskInstance: spotify_token_dag.fetch_spotify_token scheduled__2024-11-13T02:00:00+00:00 [running]> on host 47a61cf81e1b
[2024-11-13T05:35:16.892+0000] {taskinstance.py:3132} INFO - Exporting env vars: AIRFLOW_CTX_DAG_OWNER='***' AIRFLOW_CTX_DAG_ID='spotify_token_dag' AIRFLOW_CTX_TASK_ID='fetch_spotify_token' AIRFLOW_CTX_EXECUTION_DATE='2024-11-13T02:00:00+00:00' AIRFLOW_CTX_TRY_NUMBER='1' AIRFLOW_CTX_DAG_RUN_ID='scheduled__2024-11-13T02:00:00+00:00'
[2024-11-13T05:35:16.894+0000] {logging_mixin.py:190} INFO - Task instance is in running state
[2024-11-13T05:35:16.895+0000] {logging_mixin.py:190} INFO -  Previous state of the Task instance: queued
[2024-11-13T05:35:16.895+0000] {logging_mixin.py:190} INFO - Current task name:fetch_spotify_token state:running start_date:2024-11-13 05:35:16.638228+00:00
[2024-11-13T05:35:16.896+0000] {logging_mixin.py:190} INFO - Dag name:spotify_token_dag and current dag run status:running
[2024-11-13T05:35:16.896+0000] {taskinstance.py:731} INFO - ::endgroup::
[2024-11-13T05:35:17.047+0000] {logging_mixin.py:190} INFO - ACCESS TOKEN: BQDo6e59c4R2XwauJ-9WHe0v18cZOBaouZqAYdkJlR5QsYSP3tpzOdz7t44YoFYFDEhuuhVq4LXJLgTr_aevVtpMsLKWHNZ5_SRT81GEm9ZeNuS58-Q
[2024-11-13T05:35:17.055+0000] {crypto.py:82} WARNING - empty cryptography key - values will not be stored encrypted.
[2024-11-13T05:35:17.062+0000] {python.py:240} INFO - Done. Returned value was: None
[2024-11-13T05:35:17.074+0000] {taskinstance.py:340} INFO - ::group::Post task execution logs
[2024-11-13T05:35:17.074+0000] {taskinstance.py:352} INFO - Marking task as SUCCESS. dag_id=spotify_token_dag, task_id=fetch_spotify_token, run_id=scheduled__2024-11-13T02:00:00+00:00, execution_date=20241113T020000, start_date=20241113T053516, end_date=20241113T053517
[2024-11-13T05:35:17.089+0000] {logging_mixin.py:190} INFO - Task instance in success state
[2024-11-13T05:35:17.090+0000] {logging_mixin.py:190} INFO -  Previous state of the Task instance: running
[2024-11-13T05:35:17.090+0000] {logging_mixin.py:190} INFO - Dag name:spotify_token_dag queued_at:2024-11-13 05:35:07.343050+00:00
[2024-11-13T05:35:17.091+0000] {logging_mixin.py:190} INFO - Task hostname:47a61cf81e1b operator:PythonOperator
[2024-11-13T05:35:17.137+0000] {local_task_job_runner.py:266} INFO - Task exited with return code 0
[2024-11-13T05:35:17.153+0000] {taskinstance.py:3895} INFO - 0 downstream tasks scheduled from follow-on schedule check
[2024-11-13T05:35:17.155+0000] {local_task_job_runner.py:245} INFO - ::endgroup::
