[2024-11-13T01:09:42.697+0000] {local_task_job_runner.py:123} INFO - ::group::Pre task execution logs
[2024-11-13T01:09:42.726+0000] {taskinstance.py:2613} INFO - Dependencies all met for dep_context=non-requeueable deps ti=<TaskInstance: spotify_token_dag.fetch_spotify_token scheduled__2024-11-13T00:00:00+00:00 [queued]>
[2024-11-13T01:09:42.753+0000] {taskinstance.py:2613} INFO - Dependencies all met for dep_context=requeueable deps ti=<TaskInstance: spotify_token_dag.fetch_spotify_token scheduled__2024-11-13T00:00:00+00:00 [queued]>
[2024-11-13T01:09:42.754+0000] {taskinstance.py:2866} INFO - Starting attempt 1 of 2
[2024-11-13T01:09:43.042+0000] {taskinstance.py:2889} INFO - Executing <Task(PythonOperator): fetch_spotify_token> on 2024-11-13 00:00:00+00:00
[2024-11-13T01:09:43.051+0000] {warnings.py:112} WARNING - /home/***/.local/lib/python3.12/site-packages/***/task/task_runner/standard_task_runner.py:70: DeprecationWarning: This process (pid=358) is multi-threaded, use of fork() may lead to deadlocks in the child.
  pid = os.fork()

[2024-11-13T01:09:43.053+0000] {standard_task_runner.py:72} INFO - Started process 360 to run task
[2024-11-13T01:09:43.054+0000] {standard_task_runner.py:104} INFO - Running: ['***', 'tasks', 'run', 'spotify_token_dag', 'fetch_spotify_token', 'scheduled__2024-11-13T00:00:00+00:00', '--job-id', '18', '--raw', '--subdir', 'DAGS_FOLDER/spotify.py', '--cfg-path', '/tmp/tmp9bzpk46b']
[2024-11-13T01:09:43.056+0000] {standard_task_runner.py:105} INFO - Job 18: Subtask fetch_spotify_token
[2024-11-13T01:09:43.119+0000] {task_command.py:467} INFO - Running <TaskInstance: spotify_token_dag.fetch_spotify_token scheduled__2024-11-13T00:00:00+00:00 [running]> on host d181d84c4573
[2024-11-13T01:09:43.228+0000] {taskinstance.py:3132} INFO - Exporting env vars: AIRFLOW_CTX_DAG_OWNER='***' AIRFLOW_CTX_DAG_ID='spotify_token_dag' AIRFLOW_CTX_TASK_ID='fetch_spotify_token' AIRFLOW_CTX_EXECUTION_DATE='2024-11-13T00:00:00+00:00' AIRFLOW_CTX_TRY_NUMBER='1' AIRFLOW_CTX_DAG_RUN_ID='scheduled__2024-11-13T00:00:00+00:00'
[2024-11-13T01:09:43.229+0000] {logging_mixin.py:190} INFO - Task instance is in running state
[2024-11-13T01:09:43.230+0000] {logging_mixin.py:190} INFO -  Previous state of the Task instance: queued
[2024-11-13T01:09:43.231+0000] {logging_mixin.py:190} INFO - Current task name:fetch_spotify_token state:running start_date:2024-11-13 01:09:42.727385+00:00
[2024-11-13T01:09:43.231+0000] {logging_mixin.py:190} INFO - Dag name:spotify_token_dag and current dag run status:running
[2024-11-13T01:09:43.231+0000] {taskinstance.py:731} INFO - ::endgroup::
[2024-11-13T01:09:43.339+0000] {logging_mixin.py:190} INFO - Access Token: BQCzYEvxM-yoyHVbjvZoXDGXw4ptnAjm4j6CQOrnn1oGye6fQh_f8yCf7aTRq-UFiMIhKbndPMGlf-rhwe5Xu-ID94bBEUipa5i_x9hWXx0CQ6m9hT4
[2024-11-13T01:09:43.340+0000] {python.py:240} INFO - Done. Returned value was: None
[2024-11-13T01:09:43.351+0000] {taskinstance.py:340} INFO - ::group::Post task execution logs
[2024-11-13T01:09:43.352+0000] {taskinstance.py:352} INFO - Marking task as SUCCESS. dag_id=spotify_token_dag, task_id=fetch_spotify_token, run_id=scheduled__2024-11-13T00:00:00+00:00, execution_date=20241113T000000, start_date=20241113T010942, end_date=20241113T010943
[2024-11-13T01:09:43.363+0000] {logging_mixin.py:190} INFO - Task instance in success state
[2024-11-13T01:09:43.364+0000] {logging_mixin.py:190} INFO -  Previous state of the Task instance: running
[2024-11-13T01:09:43.364+0000] {logging_mixin.py:190} INFO - Dag name:spotify_token_dag queued_at:2024-11-13 01:09:40.989796+00:00
[2024-11-13T01:09:43.364+0000] {logging_mixin.py:190} INFO - Task hostname:d181d84c4573 operator:PythonOperator
[2024-11-13T01:09:43.391+0000] {local_task_job_runner.py:266} INFO - Task exited with return code 0
[2024-11-13T01:09:43.410+0000] {taskinstance.py:3895} INFO - 0 downstream tasks scheduled from follow-on schedule check
[2024-11-13T01:09:43.413+0000] {local_task_job_runner.py:245} INFO - ::endgroup::
[2024-11-13T01:19:29.542+0000] {local_task_job_runner.py:123} INFO - ::group::Pre task execution logs
[2024-11-13T01:19:29.560+0000] {taskinstance.py:2613} INFO - Dependencies all met for dep_context=non-requeueable deps ti=<TaskInstance: spotify_token_dag.fetch_spotify_token scheduled__2024-11-13T00:00:00+00:00 [queued]>
[2024-11-13T01:19:29.571+0000] {taskinstance.py:2613} INFO - Dependencies all met for dep_context=requeueable deps ti=<TaskInstance: spotify_token_dag.fetch_spotify_token scheduled__2024-11-13T00:00:00+00:00 [queued]>
[2024-11-13T01:19:29.571+0000] {taskinstance.py:2866} INFO - Starting attempt 1 of 2
[2024-11-13T01:19:29.584+0000] {taskinstance.py:2889} INFO - Executing <Task(PythonOperator): fetch_spotify_token> on 2024-11-13 00:00:00+00:00
[2024-11-13T01:19:29.590+0000] {warnings.py:112} WARNING - /home/***/.local/lib/python3.12/site-packages/***/task/task_runner/standard_task_runner.py:70: DeprecationWarning: This process (pid=488) is multi-threaded, use of fork() may lead to deadlocks in the child.
  pid = os.fork()

[2024-11-13T01:19:29.591+0000] {standard_task_runner.py:72} INFO - Started process 490 to run task
[2024-11-13T01:19:29.592+0000] {standard_task_runner.py:104} INFO - Running: ['***', 'tasks', 'run', 'spotify_token_dag', 'fetch_spotify_token', 'scheduled__2024-11-13T00:00:00+00:00', '--job-id', '19', '--raw', '--subdir', 'DAGS_FOLDER/spotify.py', '--cfg-path', '/tmp/tmp9sqv8ut1']
[2024-11-13T01:19:29.593+0000] {standard_task_runner.py:105} INFO - Job 19: Subtask fetch_spotify_token
[2024-11-13T01:19:29.636+0000] {task_command.py:467} INFO - Running <TaskInstance: spotify_token_dag.fetch_spotify_token scheduled__2024-11-13T00:00:00+00:00 [running]> on host d181d84c4573
[2024-11-13T01:19:29.710+0000] {taskinstance.py:3132} INFO - Exporting env vars: AIRFLOW_CTX_DAG_OWNER='***' AIRFLOW_CTX_DAG_ID='spotify_token_dag' AIRFLOW_CTX_TASK_ID='fetch_spotify_token' AIRFLOW_CTX_EXECUTION_DATE='2024-11-13T00:00:00+00:00' AIRFLOW_CTX_TRY_NUMBER='1' AIRFLOW_CTX_DAG_RUN_ID='scheduled__2024-11-13T00:00:00+00:00'
[2024-11-13T01:19:29.711+0000] {logging_mixin.py:190} INFO - Task instance is in running state
[2024-11-13T01:19:29.712+0000] {logging_mixin.py:190} INFO -  Previous state of the Task instance: queued
[2024-11-13T01:19:29.712+0000] {logging_mixin.py:190} INFO - Current task name:fetch_spotify_token state:running start_date:2024-11-13 01:19:29.561183+00:00
[2024-11-13T01:19:29.712+0000] {logging_mixin.py:190} INFO - Dag name:spotify_token_dag and current dag run status:running
[2024-11-13T01:19:29.712+0000] {taskinstance.py:731} INFO - ::endgroup::
[2024-11-13T01:19:29.848+0000] {logging_mixin.py:190} INFO - ACCESS TOKEN: BQCIz7-9eUJeDo8BJGs_DWOjXnxEB_tg1v4bnnTVDtyY_HA98xFFpp-eMo3bQxhY5vB7ob188QlykjjZB21URPKH08dJUfEL-5i2Gy6AVJuTVQvnppM
[2024-11-13T01:19:29.850+0000] {python.py:240} INFO - Done. Returned value was: None
[2024-11-13T01:19:29.872+0000] {taskinstance.py:340} INFO - ::group::Post task execution logs
[2024-11-13T01:19:29.873+0000] {taskinstance.py:352} INFO - Marking task as SUCCESS. dag_id=spotify_token_dag, task_id=fetch_spotify_token, run_id=scheduled__2024-11-13T00:00:00+00:00, execution_date=20241113T000000, start_date=20241113T011929, end_date=20241113T011929
[2024-11-13T01:19:29.885+0000] {logging_mixin.py:190} INFO - Task instance in success state
[2024-11-13T01:19:29.886+0000] {logging_mixin.py:190} INFO -  Previous state of the Task instance: running
[2024-11-13T01:19:29.886+0000] {logging_mixin.py:190} INFO - Dag name:spotify_token_dag queued_at:2024-11-13 01:19:26.762135+00:00
[2024-11-13T01:19:29.886+0000] {logging_mixin.py:190} INFO - Task hostname:d181d84c4573 operator:PythonOperator
[2024-11-13T01:19:29.926+0000] {local_task_job_runner.py:266} INFO - Task exited with return code 0
[2024-11-13T01:19:29.942+0000] {taskinstance.py:3895} INFO - 0 downstream tasks scheduled from follow-on schedule check
[2024-11-13T01:19:29.945+0000] {local_task_job_runner.py:245} INFO - ::endgroup::
