[2024-11-13T05:40:22.384+0000] {local_task_job_runner.py:123} INFO - ::group::Pre task execution logs
[2024-11-13T05:40:22.398+0000] {taskinstance.py:2613} INFO - Dependencies all met for dep_context=non-requeueable deps ti=<TaskInstance: spotify_token_dag.fetch_spotify_token scheduled__2024-11-13T04:00:00+00:00 [queued]>
[2024-11-13T05:40:22.407+0000] {taskinstance.py:2613} INFO - Dependencies all met for dep_context=requeueable deps ti=<TaskInstance: spotify_token_dag.fetch_spotify_token scheduled__2024-11-13T04:00:00+00:00 [queued]>
[2024-11-13T05:40:22.407+0000] {taskinstance.py:2866} INFO - Starting attempt 2 of 2
[2024-11-13T05:40:22.421+0000] {taskinstance.py:2889} INFO - Executing <Task(PythonOperator): fetch_spotify_token> on 2024-11-13 04:00:00+00:00
[2024-11-13T05:40:22.426+0000] {warnings.py:112} WARNING - /home/***/.local/lib/python3.12/site-packages/***/task/task_runner/standard_task_runner.py:70: DeprecationWarning: This process (pid=83) is multi-threaded, use of fork() may lead to deadlocks in the child.
  pid = os.fork()

[2024-11-13T05:40:22.428+0000] {standard_task_runner.py:72} INFO - Started process 85 to run task
[2024-11-13T05:40:22.429+0000] {standard_task_runner.py:104} INFO - Running: ['***', 'tasks', 'run', 'spotify_token_dag', 'fetch_spotify_token', 'scheduled__2024-11-13T04:00:00+00:00', '--job-id', '30', '--raw', '--subdir', 'DAGS_FOLDER/spotify.py', '--cfg-path', '/tmp/tmpxb9ev_k6']
[2024-11-13T05:40:22.430+0000] {standard_task_runner.py:105} INFO - Job 30: Subtask fetch_spotify_token
[2024-11-13T05:40:22.471+0000] {task_command.py:467} INFO - Running <TaskInstance: spotify_token_dag.fetch_spotify_token scheduled__2024-11-13T04:00:00+00:00 [running]> on host 3786ac69581e
[2024-11-13T05:40:22.546+0000] {taskinstance.py:3132} INFO - Exporting env vars: AIRFLOW_CTX_DAG_OWNER='***' AIRFLOW_CTX_DAG_ID='spotify_token_dag' AIRFLOW_CTX_TASK_ID='fetch_spotify_token' AIRFLOW_CTX_EXECUTION_DATE='2024-11-13T04:00:00+00:00' AIRFLOW_CTX_TRY_NUMBER='2' AIRFLOW_CTX_DAG_RUN_ID='scheduled__2024-11-13T04:00:00+00:00'
[2024-11-13T05:40:22.547+0000] {logging_mixin.py:190} INFO - Task instance is in running state
[2024-11-13T05:40:22.547+0000] {logging_mixin.py:190} INFO -  Previous state of the Task instance: queued
[2024-11-13T05:40:22.548+0000] {logging_mixin.py:190} INFO - Current task name:fetch_spotify_token state:running start_date:2024-11-13 05:40:22.399279+00:00
[2024-11-13T05:40:22.548+0000] {logging_mixin.py:190} INFO - Dag name:spotify_token_dag and current dag run status:running
[2024-11-13T05:40:22.548+0000] {taskinstance.py:731} INFO - ::endgroup::
[2024-11-13T05:40:22.656+0000] {logging_mixin.py:190} INFO - ACCESS TOKEN: BQBjd0XLqnD2CQ2UqSklzI-qONETCHe6UatyHf3ecx55jSLW4LTFsbF8gAog8dT1HH25aJ470WM2Ow4fhkOY9BUNLSIY1qkakmswkjbLQL81enfwuXM
[2024-11-13T05:40:22.662+0000] {crypto.py:82} WARNING - empty cryptography key - values will not be stored encrypted.
[2024-11-13T05:40:22.667+0000] {python.py:240} INFO - Done. Returned value was: None
[2024-11-13T05:40:22.675+0000] {taskinstance.py:340} INFO - ::group::Post task execution logs
[2024-11-13T05:40:22.675+0000] {taskinstance.py:352} INFO - Marking task as SUCCESS. dag_id=spotify_token_dag, task_id=fetch_spotify_token, run_id=scheduled__2024-11-13T04:00:00+00:00, execution_date=20241113T040000, start_date=20241113T054022, end_date=20241113T054022
[2024-11-13T05:40:22.684+0000] {logging_mixin.py:190} INFO - Task instance in success state
[2024-11-13T05:40:22.685+0000] {logging_mixin.py:190} INFO -  Previous state of the Task instance: running
[2024-11-13T05:40:22.685+0000] {logging_mixin.py:190} INFO - Dag name:spotify_token_dag queued_at:2024-11-13 05:35:08.572887+00:00
[2024-11-13T05:40:22.685+0000] {logging_mixin.py:190} INFO - Task hostname:3786ac69581e operator:PythonOperator
[2024-11-13T05:40:22.722+0000] {local_task_job_runner.py:266} INFO - Task exited with return code 0
[2024-11-13T05:40:22.738+0000] {taskinstance.py:3895} INFO - 0 downstream tasks scheduled from follow-on schedule check
[2024-11-13T05:40:22.740+0000] {local_task_job_runner.py:245} INFO - ::endgroup::
