[2024-11-13T02:00:03.327+0000] {local_task_job_runner.py:123} INFO - ::group::Pre task execution logs
[2024-11-13T02:00:03.342+0000] {taskinstance.py:2613} INFO - Dependencies all met for dep_context=non-requeueable deps ti=<TaskInstance: spotify_token_dag.fetch_spotify_token scheduled__2024-11-13T01:00:00+00:00 [queued]>
[2024-11-13T02:00:03.350+0000] {taskinstance.py:2613} INFO - Dependencies all met for dep_context=requeueable deps ti=<TaskInstance: spotify_token_dag.fetch_spotify_token scheduled__2024-11-13T01:00:00+00:00 [queued]>
[2024-11-13T02:00:03.350+0000] {taskinstance.py:2866} INFO - Starting attempt 1 of 2
[2024-11-13T02:00:03.363+0000] {taskinstance.py:2889} INFO - Executing <Task(PythonOperator): fetch_spotify_token> on 2024-11-13 01:00:00+00:00
[2024-11-13T02:00:03.369+0000] {warnings.py:112} WARNING - /home/***/.local/lib/python3.12/site-packages/***/task/task_runner/standard_task_runner.py:70: DeprecationWarning: This process (pid=1009) is multi-threaded, use of fork() may lead to deadlocks in the child.
  pid = os.fork()

[2024-11-13T02:00:03.371+0000] {standard_task_runner.py:72} INFO - Started process 1011 to run task
[2024-11-13T02:00:03.371+0000] {standard_task_runner.py:104} INFO - Running: ['***', 'tasks', 'run', 'spotify_token_dag', 'fetch_spotify_token', 'scheduled__2024-11-13T01:00:00+00:00', '--job-id', '20', '--raw', '--subdir', 'DAGS_FOLDER/spotify.py', '--cfg-path', '/tmp/tmpn5s5qkuu']
[2024-11-13T02:00:03.372+0000] {standard_task_runner.py:105} INFO - Job 20: Subtask fetch_spotify_token
[2024-11-13T02:00:03.418+0000] {task_command.py:467} INFO - Running <TaskInstance: spotify_token_dag.fetch_spotify_token scheduled__2024-11-13T01:00:00+00:00 [running]> on host d181d84c4573
[2024-11-13T02:00:03.500+0000] {taskinstance.py:3132} INFO - Exporting env vars: AIRFLOW_CTX_DAG_OWNER='***' AIRFLOW_CTX_DAG_ID='spotify_token_dag' AIRFLOW_CTX_TASK_ID='fetch_spotify_token' AIRFLOW_CTX_EXECUTION_DATE='2024-11-13T01:00:00+00:00' AIRFLOW_CTX_TRY_NUMBER='1' AIRFLOW_CTX_DAG_RUN_ID='scheduled__2024-11-13T01:00:00+00:00'
[2024-11-13T02:00:03.501+0000] {logging_mixin.py:190} INFO - Task instance is in running state
[2024-11-13T02:00:03.502+0000] {logging_mixin.py:190} INFO -  Previous state of the Task instance: queued
[2024-11-13T02:00:03.502+0000] {logging_mixin.py:190} INFO - Current task name:fetch_spotify_token state:running start_date:2024-11-13 02:00:03.343235+00:00
[2024-11-13T02:00:03.502+0000] {logging_mixin.py:190} INFO - Dag name:spotify_token_dag and current dag run status:running
[2024-11-13T02:00:03.502+0000] {taskinstance.py:731} INFO - ::endgroup::
[2024-11-13T02:00:03.723+0000] {logging_mixin.py:190} INFO - ACCESS TOKEN: BQCJaz-UuJCmj4xL8eUa9ypbbngvWBNpjxDcqVqm-WdFFccEWmyIOn5qH8IZsqG_66G8KbPcVD8YIuwjNLlerzQlFC7gs8Uo6zz8Ht-j9hZN8IWZjSY
[2024-11-13T02:00:03.730+0000] {crypto.py:82} WARNING - empty cryptography key - values will not be stored encrypted.
[2024-11-13T02:00:03.737+0000] {python.py:240} INFO - Done. Returned value was: None
[2024-11-13T02:00:03.746+0000] {taskinstance.py:340} INFO - ::group::Post task execution logs
[2024-11-13T02:00:03.746+0000] {taskinstance.py:352} INFO - Marking task as SUCCESS. dag_id=spotify_token_dag, task_id=fetch_spotify_token, run_id=scheduled__2024-11-13T01:00:00+00:00, execution_date=20241113T010000, start_date=20241113T020003, end_date=20241113T020003
[2024-11-13T02:00:04.032+0000] {logging_mixin.py:190} INFO - Task instance in success state
[2024-11-13T02:00:04.033+0000] {logging_mixin.py:190} INFO -  Previous state of the Task instance: running
[2024-11-13T02:00:04.033+0000] {logging_mixin.py:190} INFO - Dag name:spotify_token_dag queued_at:2024-11-13 02:00:00.181366+00:00
[2024-11-13T02:00:04.033+0000] {logging_mixin.py:190} INFO - Task hostname:d181d84c4573 operator:PythonOperator
[2024-11-13T02:00:04.068+0000] {local_task_job_runner.py:266} INFO - Task exited with return code 0
[2024-11-13T02:00:04.095+0000] {taskinstance.py:3895} INFO - 0 downstream tasks scheduled from follow-on schedule check
[2024-11-13T02:00:04.098+0000] {local_task_job_runner.py:245} INFO - ::endgroup::
