[2024-11-13T02:24:37.434+0000] {local_task_job_runner.py:123} INFO - ::group::Pre task execution logs
[2024-11-13T02:24:37.450+0000] {taskinstance.py:2613} INFO - Dependencies all met for dep_context=non-requeueable deps ti=<TaskInstance: spotify_token_dag.fetch_spotify_token scheduled__2024-11-13T01:00:00+00:00 [queued]>
[2024-11-13T02:24:37.459+0000] {taskinstance.py:2613} INFO - Dependencies all met for dep_context=requeueable deps ti=<TaskInstance: spotify_token_dag.fetch_spotify_token scheduled__2024-11-13T01:00:00+00:00 [queued]>
[2024-11-13T02:24:37.459+0000] {taskinstance.py:2866} INFO - Starting attempt 2 of 3
[2024-11-13T02:24:37.475+0000] {taskinstance.py:2889} INFO - Executing <Task(PythonOperator): fetch_spotify_token> on 2024-11-13 01:00:00+00:00
[2024-11-13T02:24:37.480+0000] {warnings.py:112} WARNING - /home/***/.local/lib/python3.12/site-packages/***/task/task_runner/standard_task_runner.py:70: DeprecationWarning: This process (pid=97) is multi-threaded, use of fork() may lead to deadlocks in the child.
  pid = os.fork()

[2024-11-13T02:24:37.481+0000] {standard_task_runner.py:72} INFO - Started process 99 to run task
[2024-11-13T02:24:37.482+0000] {standard_task_runner.py:104} INFO - Running: ['***', 'tasks', 'run', 'spotify_token_dag', 'fetch_spotify_token', 'scheduled__2024-11-13T01:00:00+00:00', '--job-id', '23', '--raw', '--subdir', 'DAGS_FOLDER/spotify.py', '--cfg-path', '/tmp/tmpcz65yzce']
[2024-11-13T02:24:37.483+0000] {standard_task_runner.py:105} INFO - Job 23: Subtask fetch_spotify_token
[2024-11-13T02:24:37.529+0000] {task_command.py:467} INFO - Running <TaskInstance: spotify_token_dag.fetch_spotify_token scheduled__2024-11-13T01:00:00+00:00 [running]> on host 0c02effe94b2
[2024-11-13T02:24:37.609+0000] {taskinstance.py:3132} INFO - Exporting env vars: AIRFLOW_CTX_DAG_OWNER='***' AIRFLOW_CTX_DAG_ID='spotify_token_dag' AIRFLOW_CTX_TASK_ID='fetch_spotify_token' AIRFLOW_CTX_EXECUTION_DATE='2024-11-13T01:00:00+00:00' AIRFLOW_CTX_TRY_NUMBER='2' AIRFLOW_CTX_DAG_RUN_ID='scheduled__2024-11-13T01:00:00+00:00'
[2024-11-13T02:24:37.610+0000] {logging_mixin.py:190} INFO - Task instance is in running state
[2024-11-13T02:24:37.611+0000] {logging_mixin.py:190} INFO -  Previous state of the Task instance: queued
[2024-11-13T02:24:37.611+0000] {logging_mixin.py:190} INFO - Current task name:fetch_spotify_token state:running start_date:2024-11-13 02:24:37.450425+00:00
[2024-11-13T02:24:37.611+0000] {logging_mixin.py:190} INFO - Dag name:spotify_token_dag and current dag run status:running
[2024-11-13T02:24:37.611+0000] {taskinstance.py:731} INFO - ::endgroup::
[2024-11-13T02:24:37.723+0000] {logging_mixin.py:190} INFO - ACCESS TOKEN: BQBDRcs6oRSI6x2rLU_kDhBqdfO8aJ4xCjyLQP9MSbauxkKwa5KzlXzojA8PjoKX1wUJbv57F8jDVN993etd3d_EAoD9HpfCM8DPD-K1B-bJZRktoxs
[2024-11-13T02:24:37.733+0000] {crypto.py:82} WARNING - empty cryptography key - values will not be stored encrypted.
[2024-11-13T02:24:37.740+0000] {python.py:240} INFO - Done. Returned value was: None
[2024-11-13T02:24:37.754+0000] {taskinstance.py:340} INFO - ::group::Post task execution logs
[2024-11-13T02:24:37.755+0000] {taskinstance.py:352} INFO - Marking task as SUCCESS. dag_id=spotify_token_dag, task_id=fetch_spotify_token, run_id=scheduled__2024-11-13T01:00:00+00:00, execution_date=20241113T010000, start_date=20241113T022437, end_date=20241113T022437
[2024-11-13T02:24:37.770+0000] {logging_mixin.py:190} INFO - Task instance in success state
[2024-11-13T02:24:37.770+0000] {logging_mixin.py:190} INFO -  Previous state of the Task instance: running
[2024-11-13T02:24:37.771+0000] {logging_mixin.py:190} INFO - Dag name:spotify_token_dag queued_at:2024-11-13 02:24:33.131295+00:00
[2024-11-13T02:24:37.771+0000] {logging_mixin.py:190} INFO - Task hostname:0c02effe94b2 operator:PythonOperator
[2024-11-13T02:24:37.817+0000] {local_task_job_runner.py:266} INFO - Task exited with return code 0
[2024-11-13T02:24:37.839+0000] {taskinstance.py:3895} INFO - 0 downstream tasks scheduled from follow-on schedule check
[2024-11-13T02:24:37.842+0000] {local_task_job_runner.py:245} INFO - ::endgroup::
