[2024-11-13T00:58:46.648+0000] {local_task_job_runner.py:123} INFO - ::group::Pre task execution logs
[2024-11-13T00:58:46.666+0000] {taskinstance.py:2613} INFO - Dependencies all met for dep_context=non-requeueable deps ti=<TaskInstance: spotify.clean_data scheduled__2024-11-10T00:00:00+00:00 [queued]>
[2024-11-13T00:58:46.675+0000] {taskinstance.py:2613} INFO - Dependencies all met for dep_context=requeueable deps ti=<TaskInstance: spotify.clean_data scheduled__2024-11-10T00:00:00+00:00 [queued]>
[2024-11-13T00:58:46.676+0000] {taskinstance.py:2866} INFO - Starting attempt 1 of 4
[2024-11-13T00:58:46.691+0000] {taskinstance.py:2889} INFO - Executing <Task(BashOperator): clean_data> on 2024-11-10 00:00:00+00:00
[2024-11-13T00:58:46.698+0000] {warnings.py:112} WARNING - /home/***/.local/lib/python3.12/site-packages/***/task/task_runner/standard_task_runner.py:70: DeprecationWarning: This process (pid=194) is multi-threaded, use of fork() may lead to deadlocks in the child.
  pid = os.fork()

[2024-11-13T00:58:46.699+0000] {standard_task_runner.py:72} INFO - Started process 199 to run task
[2024-11-13T00:58:46.700+0000] {standard_task_runner.py:104} INFO - Running: ['***', 'tasks', 'run', 'spotify', 'clean_data', 'scheduled__2024-11-10T00:00:00+00:00', '--job-id', '14', '--raw', '--subdir', 'DAGS_FOLDER/spotify.py', '--cfg-path', '/tmp/tmpo1egsbtx']
[2024-11-13T00:58:46.701+0000] {standard_task_runner.py:105} INFO - Job 14: Subtask clean_data
[2024-11-13T00:58:46.749+0000] {task_command.py:467} INFO - Running <TaskInstance: spotify.clean_data scheduled__2024-11-10T00:00:00+00:00 [running]> on host d181d84c4573
[2024-11-13T00:58:46.858+0000] {taskinstance.py:3132} INFO - Exporting env vars: AIRFLOW_CTX_DAG_OWNER='***' AIRFLOW_CTX_DAG_ID='spotify' AIRFLOW_CTX_TASK_ID='clean_data' AIRFLOW_CTX_EXECUTION_DATE='2024-11-10T00:00:00+00:00' AIRFLOW_CTX_TRY_NUMBER='1' AIRFLOW_CTX_DAG_RUN_ID='scheduled__2024-11-10T00:00:00+00:00'
[2024-11-13T00:58:46.860+0000] {logging_mixin.py:190} INFO - Task instance is in running state
[2024-11-13T00:58:46.860+0000] {logging_mixin.py:190} INFO -  Previous state of the Task instance: queued
[2024-11-13T00:58:46.860+0000] {logging_mixin.py:190} INFO - Current task name:clean_data state:running start_date:2024-11-13 00:58:46.666773+00:00
[2024-11-13T00:58:46.861+0000] {logging_mixin.py:190} INFO - Dag name:spotify and current dag run status:running
[2024-11-13T00:58:46.861+0000] {taskinstance.py:731} INFO - ::endgroup::
[2024-11-13T00:58:46.861+0000] {subprocess.py:78} INFO - Tmp dir root location: /tmp
[2024-11-13T00:58:46.862+0000] {subprocess.py:88} INFO - Running command: ['/usr/bin/bash', '-c', 'sleep 5']
[2024-11-13T00:58:46.878+0000] {subprocess.py:99} INFO - Output:
[2024-11-13T00:58:51.882+0000] {subprocess.py:110} INFO - Command exited with return code 0
[2024-11-13T00:58:51.905+0000] {taskinstance.py:340} INFO - ::group::Post task execution logs
[2024-11-13T00:58:51.906+0000] {taskinstance.py:352} INFO - Marking task as SUCCESS. dag_id=spotify, task_id=clean_data, run_id=scheduled__2024-11-10T00:00:00+00:00, execution_date=20241110T000000, start_date=20241113T005846, end_date=20241113T005851
[2024-11-13T00:58:51.927+0000] {logging_mixin.py:190} INFO - Task instance in success state
[2024-11-13T00:58:51.928+0000] {logging_mixin.py:190} INFO -  Previous state of the Task instance: running
[2024-11-13T00:58:51.928+0000] {logging_mixin.py:190} INFO - Dag name:spotify queued_at:2024-11-13 00:58:39.174276+00:00
[2024-11-13T00:58:51.928+0000] {logging_mixin.py:190} INFO - Task hostname:d181d84c4573 operator:BashOperator
[2024-11-13T00:58:51.973+0000] {local_task_job_runner.py:266} INFO - Task exited with return code 0
[2024-11-13T00:58:51.990+0000] {taskinstance.py:3895} INFO - 0 downstream tasks scheduled from follow-on schedule check
[2024-11-13T00:58:51.992+0000] {local_task_job_runner.py:245} INFO - ::endgroup::
